This is TeX, Version 3.14159 (MiKTeX 2) (preloaded format=latex 2000.11.28)  22 NOV 2001 15:46
**rebuff.tex
(rebuff.tex
LaTeX2e <2000/06/01>
Babel <v3.6Z> and hyphenation patterns for english, french, german, ngerman, du
mylang, nohyphenation, loaded.
(D:\Latex\MiKTeX\tex\latex\base\article.cls
Document Class: article 2000/05/19 v1.4b Standard LaTeX document class
(D:\Latex\MiKTeX\tex\latex\base\size10.clo
File: size10.clo 2000/05/19 v1.4b Standard LaTeX file (size option)
)
\c@part=\count79
\c@section=\count80
\c@subsection=\count81
\c@subsubsection=\count82
\c@paragraph=\count83
\c@subparagraph=\count84
\c@figure=\count85
\c@table=\count86
\abovecaptionskip=\skip41
\belowcaptionskip=\skip42
\bibindent=\dimen102
)
(D:\Latex\LocalTeXMF\tex\Latex\Dlayout\dlayout.sty
Package: dlayout 1998/02/08 Basic Setup Package

(D:\Latex\MiKTeX\tex\latex\amsfonts\amsfonts.sty
Package: amsfonts 1997/09/17 v2.2e
\@emptytoks=\toks14
\symAMSa=\mathgroup4
\symAMSb=\mathgroup5
LaTeX Font Info:    Overwriting math alphabet `\mathfrak' in version `bold'
(Font)                  U/euf/m/n --> U/euf/b/n on input line 133.
)
(D:\Latex\MiKTeX\tex\latex\amslatex\amsmath.sty
Package: amsmath 2000/06/06 v2.12 AMS math features
\@mathmargin=\skip43

For additional information on amsmath, use the `?' option.
(D:\Latex\MiKTeX\tex\latex\amslatex\amstext.sty
Package: amstext 1999/11/15 v2.0

(D:\Latex\MiKTeX\tex\latex\amslatex\amsgen.sty
File: amsgen.sty 1999/11/30 v2.0
\@emptytoks=\toks15
\ex@=\dimen103
))
(D:\Latex\MiKTeX\tex\latex\amslatex\amsbsy.sty
Package: amsbsy 1999/11/29 v1.2d
\pmbraise@=\dimen104
)
(D:\Latex\MiKTeX\tex\latex\amslatex\amsopn.sty
Package: amsopn 1999/12/14 v2.01 operator names
)
\inf@bad=\count87
LaTeX Info: Redefining \frac on input line 211.
\uproot@=\count88
\leftroot@=\count89
LaTeX Info: Redefining \overline on input line 307.
\classnum@=\count90
\DOTSCASE@=\count91
LaTeX Info: Redefining \ldots on input line 379.
LaTeX Info: Redefining \dots on input line 382.
LaTeX Info: Redefining \cdots on input line 467.
\Mathstrutbox@=\box26
\strutbox@=\box27
\big@size=\dimen105
LaTeX Font Info:    Redeclaring font encoding OML on input line 567.
LaTeX Font Info:    Redeclaring font encoding OMS on input line 568.
\macc@depth=\count92
\c@MaxMatrixCols=\count93
\dotsspace@=\muskip10
\c@parentequation=\count94
\dspbrk@lvl=\count95
\tag@help=\toks16
\row@=\count96
\column@=\count97
\maxfields@=\count98
\andhelp@=\toks17
\eqnshift@=\dimen106
\alignsep@=\dimen107
\tagshift@=\dimen108
\tagwidth@=\dimen109
\totwidth@=\dimen110
\lineht@=\dimen111
\@envbody=\toks18
\multlinegap=\skip44
\multlinetaggap=\skip45
\mathdisplay@stack=\toks19
LaTeX Info: Redefining \[ on input line 2662.
LaTeX Info: Redefining \] on input line 2663.
)
(D:\Latex\MiKTeX\tex\latex\amsfonts\amssymb.sty
Package: amssymb 1996/11/03 v2.2b
)
(D:\Latex\MiKTeX\tex\latex\amslatex\amsthm.sty
Package: amsthm 2000/06/02 v2.07
\thm@style=\toks20
\thm@bodyfont=\toks21
\thm@headfont=\toks22
\thm@notefont=\toks23
\thm@headpunct=\toks24
\thm@preskip=\skip46
\thm@postskip=\skip47
\thm@headsep=\skip48
\dth@everypar=\toks25
)
(D:\Latex\LocalTeXMF\tex\Latex\Epsf\epsf.sty
This is `epsf.tex' v2.7 <25 October 1996>
\epsffilein=\read1
\epsfframemargin=\dimen112
\epsfframethickness=\dimen113
\epsfrsize=\dimen114
\epsftmp=\dimen115
\epsftsize=\dimen116
\epsfxsize=\dimen117
\epsfysize=\dimen118
\pspoints=\dimen119
)
\c@notn=\count99
\c@defn=\count100
\c@example=\count101
\c@therm=\count102
\c@lemma=\count103
\c@cor=\count104
) (D:\Latex\MiKTeX\tex\latex\graphics\color.sty
Package: color 1999/02/16 v1.0i Standard LaTeX Color (DPC)

(D:\Latex\MiKTeX\tex\latex\miktex\color.cfg)
Package color Info: Driver file: dvips.def on input line 125.

(D:\Latex\MiKTeX\tex\latex\graphics\dvips.def
File: dvips.def 1999/02/16 v3.0i Driver-dependant file (DPC,SPQR)
)
(D:\Latex\MiKTeX\tex\latex\graphics\dvipsnam.def
File: dvipsnam.def 1999/02/16 v3.0i Driver-dependant file (DPC,SPQR)
))
(D:\Latex\MiKTeX\tex\latex\graphics\graphics.sty
Package: graphics 1999/02/16 v1.0l Standard LaTeX Graphics (DPC,SPQR)

(D:\Latex\MiKTeX\tex\latex\graphics\trig.sty
Package: trig 1999/03/16 v1.09 sin cos tan (DPC)
)
(D:\Latex\MiKTeX\tex\latex\miktex\graphics.cfg)
Package graphics Info: Driver file: dvips.def on input line 80.
) (rebuff.aux)
LaTeX Font Info:    Checking defaults for OML/cmm/m/it on input line 7.
LaTeX Font Info:    ... okay on input line 7.
LaTeX Font Info:    Checking defaults for T1/cmr/m/n on input line 7.
LaTeX Font Info:    ... okay on input line 7.
LaTeX Font Info:    Checking defaults for OT1/cmr/m/n on input line 7.
LaTeX Font Info:    ... okay on input line 7.
LaTeX Font Info:    Checking defaults for OMS/cmsy/m/n on input line 7.
LaTeX Font Info:    ... okay on input line 7.
LaTeX Font Info:    Checking defaults for OMX/cmex/m/n on input line 7.
LaTeX Font Info:    ... okay on input line 7.
LaTeX Font Info:    Checking defaults for U/cmr/m/n on input line 7.
LaTeX Font Info:    ... okay on input line 7.
LaTeX Font Info:    Try loading font information for U+msa on input line 36.

(D:\Latex\MiKTeX\tex\latex\amsfonts\umsa.fd
File: umsa.fd 1995/01/05 v2.2e AMS font definitions
)
LaTeX Font Info:    Try loading font information for U+msb on input line 36.

(D:\Latex\MiKTeX\tex\latex\amsfonts\umsb.fd
File: umsb.fd 1995/01/05 v2.2e AMS font definitions
) [1

] [2] (eps/patt.pstex_t
File: eps/patt.pstex Graphic file (type eps)

<eps/patt.pstex>) [3] (eps/datt.pstex_t
File: eps/datt.pstex Graphic file (type eps)
 <eps/datt.pstex>) [4] [5]
(eps/improperpa.pstex_t
File: eps/improperpa.pstex Graphic file (type eps)
 <eps/improperpa.pstex>) [6] [7] [8] (rebuff.aux) )
Output written on rebuff.dvi (8 pages, 30572 bytes).
